0 info it worked if it ends with ok
1 verbose cli [ '/usr/local/bin/node', '/usr/local/bin/npm', 'run', 'test' ]
2 info using npm@4.1.2
3 info using node@v7.5.0
4 verbose run-script [ 'pretest', 'test', 'posttest' ]
5 info lifecycle super-simple-flex-grid-react@1.0.0~pretest: super-simple-flex-grid-react@1.0.0
6 silly lifecycle super-simple-flex-grid-react@1.0.0~pretest: no script for pretest, continuing
7 info lifecycle super-simple-flex-grid-react@1.0.0~test: super-simple-flex-grid-react@1.0.0
8 verbose lifecycle super-simple-flex-grid-react@1.0.0~test: unsafe-perm in lifecycle true
9 verbose lifecycle super-simple-flex-grid-react@1.0.0~test: PATH: /usr/local/lib/node_modules/npm/bin/node-gyp-bin:/Users/vincentbollaert/Sites/open-sauces/super-simple-flex-grid-react/node_modules/.bin:/usr/local/bin:/usr/bin:/bin:/usr/sbin:/sbin:/usr/local/git/bin:/usr/local/bin
10 verbose lifecycle super-simple-flex-grid-react@1.0.0~test: CWD: /Users/vincentbollaert/Sites/open-sauces/super-simple-flex-grid-react
11 silly lifecycle super-simple-flex-grid-react@1.0.0~test: Args: [ '-c', 'mocha -w test/helpers/browser.js src/**/*.test.js' ]
12 silly lifecycle super-simple-flex-grid-react@1.0.0~test: Returned: code: 1  signal: null
13 info lifecycle super-simple-flex-grid-react@1.0.0~test: Failed to exec test script
14 verbose stack Error: super-simple-flex-grid-react@1.0.0 test: `mocha -w test/helpers/browser.js src/**/*.test.js`
14 verbose stack Exit status 1
14 verbose stack     at EventEmitter.<anonymous> (/usr/local/lib/node_modules/npm/lib/utils/lifecycle.js:279:16)
14 verbose stack     at emitTwo (events.js:106:13)
14 verbose stack     at EventEmitter.emit (events.js:192:7)
14 verbose stack     at ChildProcess.<anonymous> (/usr/local/lib/node_modules/npm/lib/utils/spawn.js:40:14)
14 verbose stack     at emitTwo (events.js:106:13)
14 verbose stack     at ChildProcess.emit (events.js:192:7)
14 verbose stack     at maybeClose (internal/child_process.js:890:16)
14 verbose stack     at Process.ChildProcess._handle.onexit (internal/child_process.js:226:5)
15 verbose pkgid super-simple-flex-grid-react@1.0.0
16 verbose cwd /Users/vincentbollaert/Sites/open-sauces/super-simple-flex-grid-react
17 error Darwin 14.5.0
18 error argv "/usr/local/bin/node" "/usr/local/bin/npm" "run" "test"
19 error node v7.5.0
20 error npm  v4.1.2
21 error code ELIFECYCLE
22 error super-simple-flex-grid-react@1.0.0 test: `mocha -w test/helpers/browser.js src/**/*.test.js`
22 error Exit status 1
23 error Failed at the super-simple-flex-grid-react@1.0.0 test script 'mocha -w test/helpers/browser.js src/**/*.test.js'.
23 error Make sure you have the latest version of node.js and npm installed.
23 error If you do, this is most likely a problem with the super-simple-flex-grid-react package,
23 error not with npm itself.
23 error Tell the author that this fails on your system:
23 error     mocha -w test/helpers/browser.js src/**/*.test.js
23 error You can get information on how to open an issue for this project with:
23 error     npm bugs super-simple-flex-grid-react
23 error Or if that isn't available, you can get their info via:
23 error     npm owner ls super-simple-flex-grid-react
23 error There is likely additional logging output above.
24 verbose exit [ 1, true ]
